Building DAG of jobs...
Using shell: /usr/bin/bash
Provided cores: 8
Rules claiming more threads will be scaled down.
Select jobs to execute...

[Wed Nov 23 14:03:48 2022]
rule fmriprep:
    input: /nesi/nobackup/uoa03264/fMRIpipeline_data/processed_test/bids/sub-ctrl18/ses-a, /nesi/nobackup/uoa03264/fMRIpipeline_data/processed_test/bids/derivatives/freesurfer/sub-ctrl18_ses-a
    output: /nesi/nobackup/uoa03264/fMRIpipeline_data/processed_test/bids/derivatives/sub-ctrl18/ses-a
    jobid: 0
    wildcards: resultsdir=/nesi/nobackup/uoa03264/fMRIpipeline_data/processed_test, subject=ctrl18, session=a
    threads: 8
    resources: mem_mb=20000, disk_mb=1000, tmpdir=/dev/shm/jobs/31491044, cpus=8, time_min=240, gpu=0

fmriprep /nesi/nobackup/uoa03264/fMRIpipeline_data/processed_test/bids /nesi/nobackup/uoa03264/fMRIpipeline_data/processed_test/bids/derivatives participant --participant-label ctrl18 --skip-bids-validation --md-only-boilerplate --fs-license-file license.txt --fs-subjects-dir ./bids/derivatives/freesurfer  --output-spaces MNI152NLin2009cAsym:res-2 --nthreads 8 --stop-on-first-crash --low-mem --mem_mb 20000 --nprocs 8 -w /nesi/nobackup/uoa03264/fMRIpipeline_data/processed_test/work
Activating singularity image /scale_wlg_persistent/filesets/project/uoa03264/fmri_workflow/.snakemake/singularity/acc9d3918a4ab8d0f562f9b72a87bc1b.simg
/opt/conda/lib/python3.8/site-packages/bids/config.py:39: FutureWarning: Setting 'extension_initial_dot' will be removed in pybids 0.16.
  warnings.warn("Setting 'extension_initial_dot' will be removed in pybids 0.16.",
You are using fMRIPrep-21.0.0, and a newer version of fMRIPrep is available: 22.0.2.
Please check out our documentation about how and when to upgrade:
https://fmriprep.readthedocs.io/en/latest/faq.html#upgrading
221123-01:04:11,109 nipype.workflow IMPORTANT:
	 Running fMRIPrep version 21.0.0

         License NOTICE ##################################################
         fMRIPrep 21.0.0
         Copyright 2021 The NiPreps Developers.
         
         This product includes software developed by
         the NiPreps Community (https://nipreps.org/).
         
         Portions of this software were developed at the Department of
         Psychology at Stanford University, Stanford, CA, US.
         
         This software redistributes the versioneer Python package, which is
         Public domain source code.
         
         This software is also distributed as a Docker container image.
         The bootstraping file for the image ("Dockerfile") is licensed
         under the MIT License.
         
         This software may be distributed through an add-on package called
         "Docker Wrapper" that is under the BSD 3-clause License.
         #################################################################
221123-01:04:11,169 nipype.workflow IMPORTANT:
	 Building fMRIPrep's workflow:
           * BIDS dataset path: /nesi/nobackup/uoa03264/fMRIpipeline_data/processed_test/bids.
           * Participant list: ['ctrl18'].
           * Run identifier: 20221123-010359_8b0e5d9e-49c4-4992-ad83-5a79c820c96e.
           * Output spaces: MNI152NLin2009cAsym:res-2.
           * Pre-run FreeSurfer's SUBJECTS_DIR: /scale_wlg_persistent/filesets/project/uoa03264/fmri_workflow/bids/derivatives/freesurfer.
221123-01:04:14,386 nipype.workflow INFO:
	 No single-band-reference found for sub-ctrl18_ses-a_task-rest_run-001_bold.nii.gz.
221123-01:04:14,547 nipype.workflow IMPORTANT:
	 BOLD series will be slice-timing corrected to an offset of 0.721s.
221123-01:04:14,818 nipype.workflow INFO:
	 No single-band-reference found for sub-ctrl18_ses-a_task-rest_run-002_bold.nii.gz.
221123-01:04:14,959 nipype.workflow IMPORTANT:
	 BOLD series will be slice-timing corrected to an offset of 0.981s.
221123-01:04:18,854 nipype.workflow INFO:
	 fMRIPrep workflow graph with 585 nodes built successfully.
221123-01:04:30,254 nipype.workflow IMPORTANT:
	 fMRIPrep started!
221123-01:04:35,126 nipype.workflow INFO:
	 [Node] Setting-up "fmriprep_wf.single_subject_ctrl18_wf.anat_preproc_wf.brain_extraction_wf.lap_tmpl" in "/nesi/nobackup/uoa03264/fMRIpipeline_data/processed_test/work/fmriprep_wf/single_subject_ctrl18_wf/anat_preproc_wf/brain_extraction_wf/lap_tmpl".
221123-01:04:35,158 nipype.workflow INFO:
	 [Node] Running "lap_tmpl" ("nipype.interfaces.ants.utils.ImageMath"), a CommandLine Interface with command:
ImageMath 3 tpl-OASIS30ANTs_res-01_T1w_maths.nii.gz Laplacian /scale_wlg_persistent/filesets/project/uoa03264/fmri_workflow/.cache/templateflow/tpl-OASIS30ANTs/tpl-OASIS30ANTs_res-01_T1w.nii.gz 1.5 1
221123-01:04:37,939 nipype.workflow INFO:
	 [Node] Setting-up "fmriprep_wf.single_subject_ctrl18_wf.func_preproc_ses_a_task_rest_run_001_wf.initial_boldref_wf.gen_avg" in "/nesi/nobackup/uoa03264/fMRIpipeline_data/processed_test/work/fmriprep_wf/single_subject_ctrl18_wf/func_preproc_ses_a_task_rest_run_001_wf/initial_boldref_wf/gen_avg".
221123-01:04:37,981 nipype.workflow INFO:
	 [Node] Running "gen_avg" ("niworkflows.interfaces.images.RobustAverage")
221123-01:04:39,272 nipype.workflow INFO:
	 [Node] Setting-up "fmriprep_wf.single_subject_ctrl18_wf.anat_preproc_wf.fs_isrunning" in "/nesi/nobackup/uoa03264/fMRIpipeline_data/processed_test/work/fmriprep_wf/single_subject_ctrl18_wf/anat_preproc_wf/fs_isrunning".
221123-01:04:39,298 nipype.workflow INFO:
	 [Node] Running "fs_isrunning" ("nipype.interfaces.utility.wrappers.Function")
221123-01:04:39,342 nipype.workflow WARNING:
	 Storing result file without outputs
221123-01:04:39,346 nipype.workflow WARNING:
	 [Node] Error on "fmriprep_wf.single_subject_ctrl18_wf.anat_preproc_wf.fs_isrunning" (/nesi/nobackup/uoa03264/fMRIpipeline_data/processed_test/work/fmriprep_wf/single_subject_ctrl18_wf/anat_preproc_wf/fs_isrunning)
221123-01:04:39,346 nipype.interface INFO:
	 stderr 2022-11-23T01:04:39.346280:++ 3dvolreg: AFNI version=AFNI_21.3.11 (Dec  9 2021) [64-bit]
221123-01:04:39,346 nipype.interface INFO:
	 stderr 2022-11-23T01:04:39.346280:++ Authored by: RW Cox
221123-01:04:39,352 nipype.interface INFO:
	 stderr 2022-11-23T01:04:39.352755:** AFNI converts NIFTI_datatype=4 (INT16) in file /nesi/nobackup/uoa03264/fMRIpipeline_data/processed_test/work/fmriprep_wf/single_subject_ctrl18_wf/func_preproc_ses_a_task_rest_run_001_wf/initial_boldref_wf/gen_avg/sub-ctrl18_ses-a_task-rest_run-001_bold_sliced.nii.gz to FLOAT32
221123-01:04:39,353 nipype.interface INFO:
	 stderr 2022-11-23T01:04:39.353034:     Warnings of this type will be muted for this session.
221123-01:04:39,353 nipype.interface INFO:
	 stderr 2022-11-23T01:04:39.353034:     Set AFNI_NIFTI_TYPE_WARN to YES to see them all, NO to see none.
221123-01:04:39,358 nipype.interface INFO:
	 stderr 2022-11-23T01:04:39.358843:++ Coarse del was 10, replaced with 5
221123-01:04:39,608 nipype.workflow INFO:
	 [Node] Setting-up "fmriprep_wf.single_subject_ctrl18_wf.func_preproc_ses_a_task_rest_run_002_wf.initial_boldref_wf.gen_avg" in "/nesi/nobackup/uoa03264/fMRIpipeline_data/processed_test/work/fmriprep_wf/single_subject_ctrl18_wf/func_preproc_ses_a_task_rest_run_002_wf/initial_boldref_wf/gen_avg".
221123-01:04:39,653 nipype.workflow INFO:
	 [Node] Running "gen_avg" ("niworkflows.interfaces.images.RobustAverage")
221123-01:04:40,638 nipype.interface INFO:
	 stderr 2022-11-23T01:04:40.637928:++ 3dvolreg: AFNI version=AFNI_21.3.11 (Dec  9 2021) [64-bit]
221123-01:04:40,638 nipype.interface INFO:
	 stderr 2022-11-23T01:04:40.637928:++ Authored by: RW Cox
221123-01:04:40,639 nipype.interface INFO:
	 stderr 2022-11-23T01:04:40.639152:** AFNI converts NIFTI_datatype=4 (INT16) in file /nesi/nobackup/uoa03264/fMRIpipeline_data/processed_test/work/fmriprep_wf/single_subject_ctrl18_wf/func_preproc_ses_a_task_rest_run_002_wf/initial_boldref_wf/gen_avg/sub-ctrl18_ses-a_task-rest_run-002_bold_sliced.nii.gz to FLOAT32
221123-01:04:40,639 nipype.interface INFO:
	 stderr 2022-11-23T01:04:40.639253:     Warnings of this type will be muted for this session.
221123-01:04:40,639 nipype.interface INFO:
	 stderr 2022-11-23T01:04:40.639253:     Set AFNI_NIFTI_TYPE_WARN to YES to see them all, NO to see none.
221123-01:04:40,639 nipype.interface INFO:
	 stderr 2022-11-23T01:04:40.639917:++ Coarse del was 10, replaced with 5
221123-01:04:41,88 nipype.workflow ERROR:
	 Node fs_isrunning failed to run on host wbn173.
221123-01:04:41,97 nipype.workflow ERROR:
	 Saving crash info to /nesi/nobackup/uoa03264/fMRIpipeline_data/processed_test/bids/derivatives/sub-ctrl18/log/20221123-010359_8b0e5d9e-49c4-4992-ad83-5a79c820c96e/crash-20221123-010441-jmcg465-fs_isrunning-0697fd22-fceb-44b2-85c7-170088d50635.txt
Traceback (most recent call last):
  File "/opt/conda/lib/python3.8/site-packages/nipype/pipeline/plugins/multiproc.py", line 67, in run_node
    result["result"] = node.run(updatehash=updatehash)
  File "/opt/conda/lib/python3.8/site-packages/nipype/pipeline/engine/nodes.py", line 516, in run
    result = self._run_interface(execute=True)
  File "/opt/conda/lib/python3.8/site-packages/nipype/pipeline/engine/nodes.py", line 635, in _run_interface
    return self._run_command(execute)
  File "/opt/conda/lib/python3.8/site-packages/nipype/pipeline/engine/nodes.py", line 741, in _run_command
    result = self._interface.run(cwd=outdir)
  File "/opt/conda/lib/python3.8/site-packages/nipype/interfaces/base/core.py", line 428, in run
    runtime = self._run_interface(runtime)
  File "/opt/conda/lib/python3.8/site-packages/nipype/interfaces/utility/wrappers.py", line 142, in _run_interface
    out = function_handle(**args)
  File "<string>", line 36, in fs_isRunning
RuntimeError: The FreeSurfer's subject folder </scale_wlg_persistent/filesets/project/uoa03264/fmri_workflow/bids/derivatives/freesurfer/sub-ctrl18> contains IsRunning files that may pertain to a current or past execution: (PosixPath('/scale_wlg_persistent/filesets/project/uoa03264/fmri_workflow/bids/derivatives/freesurfer/sub-ctrl18/scripts/IsRunning.lh+rh'),).
FreeSurfer cannot run if these are present, to avoid interfering with a running process. Please, make sure no other process is running ``recon-all`` on this subject and proceed to delete the files listed above.

Traceback (most recent call last):
  File "/opt/conda/lib/python3.8/site-packages/fmriprep/cli/run.py", line 114, in main
    fmriprep_wf.run(**config.nipype.get_plugin())
  File "/opt/conda/lib/python3.8/site-packages/nipype/pipeline/engine/workflows.py", line 638, in run
    runner.run(execgraph, updatehash=updatehash, config=self.config)
  File "/opt/conda/lib/python3.8/site-packages/nipype/pipeline/plugins/base.py", line 164, in run
    self._clean_queue(jobid, graph, result=result)
  File "/opt/conda/lib/python3.8/site-packages/nipype/pipeline/plugins/base.py", line 227, in _clean_queue
    raise RuntimeError("".join(result["traceback"]))
RuntimeError: Traceback (most recent call last):
  File "/opt/conda/lib/python3.8/site-packages/nipype/pipeline/plugins/multiproc.py", line 67, in run_node
    result["result"] = node.run(updatehash=updatehash)
  File "/opt/conda/lib/python3.8/site-packages/nipype/pipeline/engine/nodes.py", line 516, in run
    result = self._run_interface(execute=True)
  File "/opt/conda/lib/python3.8/site-packages/nipype/pipeline/engine/nodes.py", line 635, in _run_interface
    return self._run_command(execute)
  File "/opt/conda/lib/python3.8/site-packages/nipype/pipeline/engine/nodes.py", line 741, in _run_command
    result = self._interface.run(cwd=outdir)
  File "/opt/conda/lib/python3.8/site-packages/nipype/interfaces/base/core.py", line 428, in run
    runtime = self._run_interface(runtime)
  File "/opt/conda/lib/python3.8/site-packages/nipype/interfaces/utility/wrappers.py", line 142, in _run_interface
    out = function_handle(**args)
  File "<string>", line 36, in fs_isRunning
RuntimeError: The FreeSurfer's subject folder </scale_wlg_persistent/filesets/project/uoa03264/fmri_workflow/bids/derivatives/freesurfer/sub-ctrl18> contains IsRunning files that may pertain to a current or past execution: (PosixPath('/scale_wlg_persistent/filesets/project/uoa03264/fmri_workflow/bids/derivatives/freesurfer/sub-ctrl18/scripts/IsRunning.lh+rh'),).
FreeSurfer cannot run if these are present, to avoid interfering with a running process. Please, make sure no other process is running ``recon-all`` on this subject and proceed to delete the files listed above.


During handling of the above exception, another exception occurred:

Traceback (most recent call last):
  File "/opt/conda/lib/python3.8/site-packages/fmriprep/cli/run.py", line 128, in main
    process_crashfile(crashfile)
  File "/opt/conda/lib/python3.8/site-packages/fmriprep/utils/sentry.py", line 85, in process_crashfile
    crash_info = read_crashfile(str(crashfile))
  File "/opt/conda/lib/python3.8/site-packages/niworkflows/utils/misc.py", line 138, in read_crashfile
    return _read_txt(path)
  File "/opt/conda/lib/python3.8/site-packages/niworkflows/utils/misc.py", line 195, in _read_txt
    cur_key, cur_val = tuple(line.split(" = ", 1))
ValueError: not enough values to unpack (expected 2, got 1)

During handling of the above exception, another exception occurred:

Traceback (most recent call last):
  File "/opt/conda/bin/fmriprep", line 8, in <module>
    sys.exit(main())
  File "/opt/conda/lib/python3.8/site-packages/fmriprep/cli/run.py", line 175, in main
    failed_reports = generate_reports(
  File "/opt/conda/lib/python3.8/site-packages/fmriprep/reports/core.py", line 105, in generate_reports
    report_errors = [
  File "/opt/conda/lib/python3.8/site-packages/fmriprep/reports/core.py", line 106, in <listcomp>
    run_reports(
  File "/opt/conda/lib/python3.8/site-packages/fmriprep/reports/core.py", line 88, in run_reports
    return Report(
  File "/opt/conda/lib/python3.8/site-packages/niworkflows/reports/core.py", line 291, in __init__
    self._load_config(Path(config or pkgrf("niworkflows", "reports/default.yml")))
  File "/opt/conda/lib/python3.8/site-packages/fmriprep/reports/core.py", line 47, in _load_config
    self.index(settings["sections"])
  File "/opt/conda/lib/python3.8/site-packages/niworkflows/reports/core.py", line 378, in index
    self.errors = [read_crashfile(str(f)) for f in error_dir.glob("crash*.*")]
  File "/opt/conda/lib/python3.8/site-packages/niworkflows/reports/core.py", line 378, in <listcomp>
    self.errors = [read_crashfile(str(f)) for f in error_dir.glob("crash*.*")]
  File "/opt/conda/lib/python3.8/site-packages/niworkflows/utils/misc.py", line 138, in read_crashfile
    return _read_txt(path)
  File "/opt/conda/lib/python3.8/site-packages/niworkflows/utils/misc.py", line 195, in _read_txt
    cur_key, cur_val = tuple(line.split(" = ", 1))
ValueError: not enough values to unpack (expected 2, got 1)
221123-01:04:46,125 nipype.workflow INFO:
	 [Node] Finished "fmriprep_wf.single_subject_ctrl18_wf.anat_preproc_wf.brain_extraction_wf.lap_tmpl".
221123-01:05:04,442 nipype.interface INFO:
	 stderr 2022-11-23T01:05:04.442254:++ Max displacement in automask = 0.53 (mm) at sub-brick 19
221123-01:05:04,443 nipype.interface INFO:
	 stderr 2022-11-23T01:05:04.442254:++ Max delta displ  in automask = 0.23 (mm) at sub-brick 6
221123-01:05:05,780 nipype.interface INFO:
	 stderr 2022-11-23T01:05:05.780630:++ Max displacement in automask = 0.98 (mm) at sub-brick 13
221123-01:05:05,780 nipype.interface INFO:
	 stderr 2022-11-23T01:05:05.780630:++ Max delta displ  in automask = 1.36 (mm) at sub-brick 19
221123-01:05:05,870 nipype.workflow INFO:
	 [Node] Finished "fmriprep_wf.single_subject_ctrl18_wf.func_preproc_ses_a_task_rest_run_001_wf.initial_boldref_wf.gen_avg".
221123-01:05:07,194 nipype.workflow INFO:
	 [Node] Finished "fmriprep_wf.single_subject_ctrl18_wf.func_preproc_ses_a_task_rest_run_002_wf.initial_boldref_wf.gen_avg".
[Wed Nov 23 14:05:07 2022]
Error in rule fmriprep:
    jobid: 0
    output: /nesi/nobackup/uoa03264/fMRIpipeline_data/processed_test/bids/derivatives/sub-ctrl18/ses-a
    shell:
        fmriprep /nesi/nobackup/uoa03264/fMRIpipeline_data/processed_test/bids /nesi/nobackup/uoa03264/fMRIpipeline_data/processed_test/bids/derivatives participant --participant-label ctrl18 --skip-bids-validation --md-only-boilerplate --fs-license-file license.txt --fs-subjects-dir ./bids/derivatives/freesurfer  --output-spaces MNI152NLin2009cAsym:res-2 --nthreads 8 --stop-on-first-crash --low-mem --mem_mb 20000 --nprocs 8 -w /nesi/nobackup/uoa03264/fMRIpipeline_data/processed_test/work
        (one of the commands exited with non-zero exit code; note that snakemake uses bash strict mode!)

Shutting down, this might take some time.
Exiting because a job execution failed. Look above for error message
