Building DAG of jobs...
Using shell: /usr/bin/bash
Provided cores: 16
Rules claiming more threads will be scaled down.
Select jobs to execute...

[Thu Mar 16 12:55:27 2023]
rule fmriprep:
    input: /nesi/nobackup/uoa03264/fMRIpipeline_data/processed_long/bids/sub-rugby1/ses-b, /nesi/nobackup/uoa03264/fMRIpipeline_data/processed_long/bids/sub-rugby1/ses-a, /nesi/nobackup/uoa03264/fMRIpipeline_data/processed_long/bids/derivatives/freesurfer/sub-rugby1_ses-b.long.rugby1_template, /nesi/nobackup/uoa03264/fMRIpipeline_data/processed_long/bids/derivatives/freesurfer/sub-rugby1_ses-a.long.rugby1_template
    output: /nesi/nobackup/uoa03264/fMRIpipeline_data/processed_long/bids/derivatives/fmriprep/sub-rugby1
    jobid: 0
    wildcards: resultsdir=/nesi/nobackup/uoa03264/fMRIpipeline_data/processed_long, subject=rugby1
    threads: 16
    resources: mem_mb=25000, disk_mb=1000, tmpdir=/dev/shm/jobs/33491355, cpus=16, time_min=180, gpu=0

fmriprep /nesi/nobackup/uoa03264/fMRIpipeline_data/processed_long/bids /nesi/nobackup/uoa03264/fMRIpipeline_data/processed_long/bids/derivatives/fmriprep participant --participant-label rugby1 --skip-bids-validation --md-only-boilerplate --fs-license-file license.txt --fs-subjects-dir /nesi/nobackup/uoa03264/fMRIpipeline_data/processed_long/bids/derivatives/freesurfer --output-spaces MNI152NLin2009cAsym:res-2 --stop-on-first-crash --low-mem --mem-mb 25000 --nprocs 16 -w /nesi/nobackup/uoa03264/fMRIpipeline_data/processed_long/work
Activating singularity image /scale_wlg_persistent/filesets/project/uoa03264/fmri_workflow/.snakemake/singularity/8ba2e11db7a36df6ed76807c131c9dc5.simg
You are using fMRIPrep-22.0.2, and a newer version of fMRIPrep is available: 23.0.0.
Please check out our documentation about how and when to upgrade:
https://fmriprep.readthedocs.io/en/latest/faq.html#upgrading
230315-23:55:44,369 nipype.workflow IMPORTANT:
	 Running fMRIPrep version 22.0.2

         License NOTICE ##################################################
         fMRIPrep 22.0.2
         Copyright 2022 The NiPreps Developers.
         
         This product includes software developed by
         the NiPreps Community (https://nipreps.org/).
         
         Portions of this software were developed at the Department of
         Psychology at Stanford University, Stanford, CA, US.
         
         This software redistributes the versioneer Python package, which is
         Public domain source code.
         
         This software is also distributed as a Docker container image.
         The bootstraping file for the image ("Dockerfile") is licensed
         under the MIT License.
         
         This software may be distributed through an add-on package called
         "Docker Wrapper" that is under the BSD 3-clause License.
         #################################################################
230315-23:55:44,402 nipype.workflow IMPORTANT:
	 Building fMRIPrep's workflow:
           * BIDS dataset path: /nesi/nobackup/uoa03264/fMRIpipeline_data/processed_long/bids.
           * Participant list: ['rugby1'].
           * Run identifier: 20230315-235531_2c8a1aa9-d713-449f-a532-7e9d731b3dc2.
           * Output spaces: MNI152NLin2009cAsym:res-2.
           * Pre-run FreeSurfer's SUBJECTS_DIR: /nesi/nobackup/uoa03264/fMRIpipeline_data/processed_long/bids/derivatives/freesurfer.
230315-23:55:46,16 nipype.workflow INFO:
	 No single-band-reference found for sub-rugby1_ses-a_task-rest_run-001_bold.nii.gz.
230315-23:55:46,120 nipype.workflow IMPORTANT:
	 BOLD series will be slice-timing corrected to an offset of 0.721s.
230315-23:55:46,347 nipype.workflow INFO:
	 No single-band-reference found for sub-rugby1_ses-b_task-rest_run-001_bold.nii.gz.
230315-23:55:49,390 nipype.workflow INFO:
	 fMRIPrep workflow graph with 585 nodes built successfully.
230315-23:56:02,511 nipype.workflow IMPORTANT:
	 fMRIPrep started!
230315-23:56:09,771 nipype.workflow INFO:
	 [Node] Setting-up "fmriprep_22_0_wf.single_subject_rugby1_wf.anat_preproc_wf.fs_isrunning" in "/nesi/nobackup/uoa03264/fMRIpipeline_data/processed_long/work/fmriprep_22_0_wf/single_subject_rugby1_wf/anat_preproc_wf/fs_isrunning".
230315-23:56:09,776 nipype.workflow INFO:
	 [Node] Outdated cache found for "fmriprep_22_0_wf.single_subject_rugby1_wf.anat_preproc_wf.fs_isrunning".
230315-23:56:09,780 nipype.workflow INFO:
	 [Node] Executing "fs_isrunning" <nipype.interfaces.utility.wrappers.Function>
230315-23:56:09,788 nipype.workflow INFO:
	 [Node] Finished "fs_isrunning", elapsed time 0.000748s.
230315-23:56:17,355 nipype.workflow INFO:
	 [Node] Setting-up "_n4_correct0" in "/nesi/nobackup/uoa03264/fMRIpipeline_data/processed_long/work/fmriprep_22_0_wf/single_subject_rugby1_wf/anat_preproc_wf/anat_template_wf/n4_correct/mapflow/_n4_correct0".
230315-23:56:17,361 nipype.workflow INFO:
	 [Node] Executing "_n4_correct0" <nipype.interfaces.ants.segmentation.N4BiasFieldCorrection>
230315-23:56:20,914 nipype.workflow INFO:
	 [Node] Setting-up "_n4_correct1" in "/nesi/nobackup/uoa03264/fMRIpipeline_data/processed_long/work/fmriprep_22_0_wf/single_subject_rugby1_wf/anat_preproc_wf/anat_template_wf/n4_correct/mapflow/_n4_correct1".
230315-23:56:20,919 nipype.workflow INFO:
	 [Node] Executing "_n4_correct1" <nipype.interfaces.ants.segmentation.N4BiasFieldCorrection>
230315-23:56:21,946 nipype.workflow INFO:
	 [Node] Setting-up "fmriprep_22_0_wf.single_subject_rugby1_wf.func_preproc_ses_b_task_rest_run_001_wf.bold_bold_trans_wf.bold_transform" in "/nesi/nobackup/uoa03264/fMRIpipeline_data/processed_long/work/fmriprep_22_0_wf/single_subject_rugby1_wf/func_preproc_ses_b_task_rest_run_001_wf/bold_bold_trans_wf/bold_transform".
230315-23:56:22,98 nipype.workflow INFO:
	 [Node] Executing "bold_transform" <niworkflows.interfaces.itk.MultiApplyTransforms>
230315-23:56:33,69 nipype.workflow INFO:
	 [Node] Setting-up "fmriprep_22_0_wf.single_subject_rugby1_wf.func_preproc_ses_b_task_rest_run_001_wf.initial_boldref_wf.enhance_and_skullstrip_bold_wf.fixhdr_unifize" in "/nesi/nobackup/uoa03264/fMRIpipeline_data/processed_long/work/fmriprep_22_0_wf/single_subject_rugby1_wf/func_preproc_ses_b_task_rest_run_001_wf/initial_boldref_wf/enhance_and_skullstrip_bold_wf/fixhdr_unifize".
230315-23:56:33,106 nipype.workflow INFO:
	 [Node] Executing "fixhdr_unifize" <niworkflows.interfaces.header.CopyXForm>
230315-23:56:33,147 nipype.workflow INFO:
	 [Node] Finished "fixhdr_unifize", elapsed time 0.032888s.
230315-23:56:35,162 nipype.workflow INFO:
	 [Node] Setting-up "fmriprep_22_0_wf.single_subject_rugby1_wf.func_preproc_ses_b_task_rest_run_001_wf.initial_boldref_wf.enhance_and_skullstrip_bold_wf.skullstrip_second_pass" in "/nesi/nobackup/uoa03264/fMRIpipeline_data/processed_long/work/fmriprep_22_0_wf/single_subject_rugby1_wf/func_preproc_ses_b_task_rest_run_001_wf/initial_boldref_wf/enhance_and_skullstrip_bold_wf/skullstrip_second_pass".
230315-23:56:35,300 nipype.workflow INFO:
	 [Node] Executing "skullstrip_second_pass" <nipype.interfaces.afni.preprocess.Automask>
230315-23:56:35,576 nipype.workflow INFO:
	 [Node] Finished "skullstrip_second_pass", elapsed time 0.274534s.
230315-23:56:37,232 nipype.workflow INFO:
	 [Node] Setting-up "fmriprep_22_0_wf.single_subject_rugby1_wf.func_preproc_ses_b_task_rest_run_001_wf.initial_boldref_wf.enhance_and_skullstrip_bold_wf.fixhdr_skullstrip2" in "/nesi/nobackup/uoa03264/fMRIpipeline_data/processed_long/work/fmriprep_22_0_wf/single_subject_rugby1_wf/func_preproc_ses_b_task_rest_run_001_wf/initial_boldref_wf/enhance_and_skullstrip_bold_wf/fixhdr_skullstrip2".
230315-23:56:37,276 nipype.workflow INFO:
	 [Node] Executing "fixhdr_skullstrip2" <niworkflows.interfaces.header.CopyXForm>
230315-23:56:37,296 nipype.workflow INFO:
	 [Node] Finished "fixhdr_skullstrip2", elapsed time 0.01779s.
230315-23:56:39,306 nipype.workflow INFO:
	 [Node] Setting-up "fmriprep_22_0_wf.single_subject_rugby1_wf.func_preproc_ses_b_task_rest_run_001_wf.initial_boldref_wf.enhance_and_skullstrip_bold_wf.combine_masks" in "/nesi/nobackup/uoa03264/fMRIpipeline_data/processed_long/work/fmriprep_22_0_wf/single_subject_rugby1_wf/func_preproc_ses_b_task_rest_run_001_wf/initial_boldref_wf/enhance_and_skullstrip_bold_wf/combine_masks".
230315-23:56:39,313 nipype.workflow INFO:
	 [Node] Executing "combine_masks" <nipype.interfaces.fsl.maths.BinaryMaths>
230315-23:56:39,503 nipype.workflow INFO:
	 [Node] Finished "combine_masks", elapsed time 0.188292s.
230315-23:56:41,222 nipype.workflow INFO:
	 [Node] Setting-up "fmriprep_22_0_wf.single_subject_rugby1_wf.func_preproc_ses_b_task_rest_run_001_wf.initial_boldref_wf.enhance_and_skullstrip_bold_wf.apply_mask" in "/nesi/nobackup/uoa03264/fMRIpipeline_data/processed_long/work/fmriprep_22_0_wf/single_subject_rugby1_wf/func_preproc_ses_b_task_rest_run_001_wf/initial_boldref_wf/enhance_and_skullstrip_bold_wf/apply_mask".
230315-23:56:41,228 nipype.workflow INFO:
	 [Node] Executing "apply_mask" <niworkflows.interfaces.nibabel.ApplyMask>
230315-23:56:41,262 nipype.workflow INFO:
	 [Node] Finished "apply_mask", elapsed time 0.032321s.
230315-23:56:54,957 nipype.workflow INFO:
	 [Node] Setting-up "_threshold77" in "/nesi/nobackup/uoa03264/fMRIpipeline_data/processed_long/work/fmriprep_22_0_wf/single_subject_rugby1_wf/func_preproc_ses_a_task_rest_run_001_wf/bold_bold_trans_wf/threshold/mapflow/_threshold77".
230315-23:56:54,961 nipype.workflow INFO:
	 [Node] Executing "_threshold77" <fmriprep.interfaces.maths.Clip>
230315-23:56:55,65 nipype.workflow INFO:
	 [Node] Finished "_threshold77", elapsed time 0.102231s.
230315-23:56:55,237 nipype.workflow INFO:
	 [Node] Setting-up "_threshold78" in "/nesi/nobackup/uoa03264/fMRIpipeline_data/processed_long/work/fmriprep_22_0_wf/single_subject_rugby1_wf/func_preproc_ses_a_task_rest_run_001_wf/bold_bold_trans_wf/threshold/mapflow/_threshold78".
230315-23:56:55,349 nipype.workflow INFO:
	 [Node] Executing "_threshold78" <fmriprep.interfaces.maths.Clip>
230315-23:56:55,560 nipype.workflow INFO:
	 [Node] Finished "_threshold78", elapsed time 0.208525s.
230315-23:56:55,659 nipype.workflow INFO:
	 [Node] Setting-up "_threshold79" in "/nesi/nobackup/uoa03264/fMRIpipeline_data/processed_long/work/fmriprep_22_0_wf/single_subject_rugby1_wf/func_preproc_ses_a_task_rest_run_001_wf/bold_bold_trans_wf/threshold/mapflow/_threshold79".
230315-23:56:55,782 nipype.workflow INFO:
	 [Node] Executing "_threshold79" <fmriprep.interfaces.maths.Clip>
230315-23:56:55,888 nipype.workflow INFO:
	 [Node] Finished "_threshold79", elapsed time 0.104063s.
230315-23:56:55,895 nipype.workflow INFO:
	 [Node] Setting-up "_threshold80" in "/nesi/nobackup/uoa03264/fMRIpipeline_data/processed_long/work/fmriprep_22_0_wf/single_subject_rugby1_wf/func_preproc_ses_a_task_rest_run_001_wf/bold_bold_trans_wf/threshold/mapflow/_threshold80".
230315-23:56:56,10 nipype.workflow INFO:
	 [Node] Executing "_threshold80" <fmriprep.interfaces.maths.Clip>
230315-23:56:56,214 nipype.workflow INFO:
	 [Node] Finished "_threshold80", elapsed time 0.201452s.
230315-23:56:56,269 nipype.workflow INFO:
	 [Node] Setting-up "_threshold81" in "/nesi/nobackup/uoa03264/fMRIpipeline_data/processed_long/work/fmriprep_22_0_wf/single_subject_rugby1_wf/func_preproc_ses_a_task_rest_run_001_wf/bold_bold_trans_wf/threshold/mapflow/_threshold81".
230315-23:56:56,368 nipype.workflow INFO:
	 [Node] Executing "_threshold81" <fmriprep.interfaces.maths.Clip>
230315-23:56:56,490 nipype.workflow INFO:
	 [Node] Finished "_threshold81", elapsed time 0.120368s.
230315-23:56:56,498 nipype.workflow INFO:
	 [Node] Setting-up "_threshold82" in "/nesi/nobackup/uoa03264/fMRIpipeline_data/processed_long/work/fmriprep_22_0_wf/single_subject_rugby1_wf/func_preproc_ses_a_task_rest_run_001_wf/bold_bold_trans_wf/threshold/mapflow/_threshold82".
230315-23:56:56,501 nipype.workflow INFO:
	 [Node] Executing "_threshold82" <fmriprep.interfaces.maths.Clip>
230315-23:56:56,609 nipype.workflow INFO:
	 [Node] Finished "_threshold82", elapsed time 0.106392s.
230315-23:56:57,197 nipype.workflow INFO:
	 [Node] Setting-up "_threshold83" in "/nesi/nobackup/uoa03264/fMRIpipeline_data/processed_long/work/fmriprep_22_0_wf/single_subject_rugby1_wf/func_preproc_ses_a_task_rest_run_001_wf/bold_bold_trans_wf/threshold/mapflow/_threshold83".
230315-23:56:57,209 nipype.workflow INFO:
	 [Node] Executing "_threshold83" <fmriprep.interfaces.maths.Clip>
230315-23:56:57,315 nipype.workflow INFO:
	 [Node] Finished "_threshold83", elapsed time 0.103282s.
230315-23:56:57,325 nipype.workflow INFO:
	 [Node] Setting-up "_threshold85" in "/nesi/nobackup/uoa03264/fMRIpipeline_data/processed_long/work/fmriprep_22_0_wf/single_subject_rugby1_wf/func_preproc_ses_a_task_rest_run_001_wf/bold_bold_trans_wf/threshold/mapflow/_threshold85".
230315-23:56:57,328 nipype.workflow INFO:
	 [Node] Executing "_threshold85" <fmriprep.interfaces.maths.Clip>
230315-23:56:57,433 nipype.workflow INFO:
	 [Node] Finished "_threshold85", elapsed time 0.103273s.
230315-23:56:57,483 nipype.workflow INFO:
	 [Node] Setting-up "_threshold86" in "/nesi/nobackup/uoa03264/fMRIpipeline_data/processed_long/work/fmriprep_22_0_wf/single_subject_rugby1_wf/func_preproc_ses_a_task_rest_run_001_wf/bold_bold_trans_wf/threshold/mapflow/_threshold86".
230315-23:56:57,601 nipype.workflow INFO:
	 [Node] Executing "_threshold86" <fmriprep.interfaces.maths.Clip>
230315-23:56:57,816 nipype.workflow INFO:
	 [Node] Finished "_threshold86", elapsed time 0.212353s.
230315-23:56:58,736 nipype.workflow INFO:
	 [Node] Setting-up "_threshold84" in "/nesi/nobackup/uoa03264/fMRIpipeline_data/processed_long/work/fmriprep_22_0_wf/single_subject_rugby1_wf/func_preproc_ses_a_task_rest_run_001_wf/bold_bold_trans_wf/threshold/mapflow/_threshold84".
230315-23:56:58,740 nipype.workflow INFO:
	 [Node] Executing "_threshold84" <fmriprep.interfaces.maths.Clip>
230315-23:56:58,836 nipype.workflow INFO:
	 [Node] Finished "_threshold84", elapsed time 0.087167s.
230315-23:56:59,194 nipype.workflow INFO:
	 [Node] Setting-up "_threshold91" in "/nesi/nobackup/uoa03264/fMRIpipeline_data/processed_long/work/fmriprep_22_0_wf/single_subject_rugby1_wf/func_preproc_ses_a_task_rest_run_001_wf/bold_bold_trans_wf/threshold/mapflow/_threshold91".
230315-23:56:59,194 nipype.workflow INFO:
	 [Node] Setting-up "_threshold89" in "/nesi/nobackup/uoa03264/fMRIpipeline_data/processed_long/work/fmriprep_22_0_wf/single_subject_rugby1_wf/func_preproc_ses_a_task_rest_run_001_wf/bold_bold_trans_wf/threshold/mapflow/_threshold89".
230315-23:56:59,205 nipype.workflow INFO:
	 [Node] Executing "_threshold91" <fmriprep.interfaces.maths.Clip>
230315-23:56:59,206 nipype.workflow INFO:
	 [Node] Executing "_threshold89" <fmriprep.interfaces.maths.Clip>
230315-23:56:59,307 nipype.workflow INFO:
	 [Node] Finished "_threshold91", elapsed time 0.100003s.
230315-23:56:59,314 nipype.workflow INFO:
	 [Node] Setting-up "_threshold92" in "/nesi/nobackup/uoa03264/fMRIpipeline_data/processed_long/work/fmriprep_22_0_wf/single_subject_rugby1_wf/func_preproc_ses_a_task_rest_run_001_wf/bold_bold_trans_wf/threshold/mapflow/_threshold92".
230315-23:56:59,328 nipype.workflow INFO:
	 [Node] Executing "_threshold92" <fmriprep.interfaces.maths.Clip>
230315-23:56:59,328 nipype.workflow INFO:
	 [Node] Finished "_threshold89", elapsed time 0.120229s.
230315-23:56:59,443 nipype.workflow INFO:
	 [Node] Finished "_threshold92", elapsed time 0.112892s.
230315-23:56:59,520 nipype.workflow INFO:
	 [Node] Setting-up "_threshold87" in "/nesi/nobackup/uoa03264/fMRIpipeline_data/processed_long/work/fmriprep_22_0_wf/single_subject_rugby1_wf/func_preproc_ses_a_task_rest_run_001_wf/bold_bold_trans_wf/threshold/mapflow/_threshold87".
230315-23:56:59,525 nipype.workflow INFO:
	 [Node] Executing "_threshold87" <fmriprep.interfaces.maths.Clip>
230315-23:56:59,534 nipype.workflow INFO:
	 [Node] Setting-up "_threshold88" in "/nesi/nobackup/uoa03264/fMRIpipeline_data/processed_long/work/fmriprep_22_0_wf/single_subject_rugby1_wf/func_preproc_ses_a_task_rest_run_001_wf/bold_bold_trans_wf/threshold/mapflow/_threshold88".
230315-23:56:59,537 nipype.workflow INFO:
	 [Node] Executing "_threshold88" <fmriprep.interfaces.maths.Clip>
230315-23:56:59,633 nipype.workflow INFO:
	 [Node] Finished "_threshold88", elapsed time 0.088783s.
230315-23:56:59,660 nipype.workflow INFO:
	 [Node] Finished "_threshold87", elapsed time 0.121461s.
230315-23:57:00,565 nipype.workflow INFO:
	 [Node] Setting-up "_threshold90" in "/nesi/nobackup/uoa03264/fMRIpipeline_data/processed_long/work/fmriprep_22_0_wf/single_subject_rugby1_wf/func_preproc_ses_a_task_rest_run_001_wf/bold_bold_trans_wf/threshold/mapflow/_threshold90".
230315-23:57:00,569 nipype.workflow INFO:
	 [Node] Executing "_threshold90" <fmriprep.interfaces.maths.Clip>
230315-23:57:00,672 nipype.workflow INFO:
	 [Node] Finished "_threshold90", elapsed time 0.09512s.
230315-23:57:01,163 nipype.workflow INFO:
	 [Node] Setting-up "_threshold93" in "/nesi/nobackup/uoa03264/fMRIpipeline_data/processed_long/work/fmriprep_22_0_wf/single_subject_rugby1_wf/func_preproc_ses_a_task_rest_run_001_wf/bold_bold_trans_wf/threshold/mapflow/_threshold93".
230315-23:57:01,164 nipype.workflow INFO:
	 [Node] Setting-up "_threshold94" in "/nesi/nobackup/uoa03264/fMRIpipeline_data/processed_long/work/fmriprep_22_0_wf/single_subject_rugby1_wf/func_preproc_ses_a_task_rest_run_001_wf/bold_bold_trans_wf/threshold/mapflow/_threshold94".
230315-23:57:01,166 nipype.workflow INFO:
	 [Node] Setting-up "_threshold95" in "/nesi/nobackup/uoa03264/fMRIpipeline_data/processed_long/work/fmriprep_22_0_wf/single_subject_rugby1_wf/func_preproc_ses_a_task_rest_run_001_wf/bold_bold_trans_wf/threshold/mapflow/_threshold95".
230315-23:57:01,167 nipype.workflow INFO:
	 [Node] Setting-up "_threshold96" in "/nesi/nobackup/uoa03264/fMRIpipeline_data/processed_long/work/fmriprep_22_0_wf/single_subject_rugby1_wf/func_preproc_ses_a_task_rest_run_001_wf/bold_bold_trans_wf/threshold/mapflow/_threshold96".
230315-23:57:01,169 nipype.workflow INFO:
	 [Node] Setting-up "_threshold97" in "/nesi/nobackup/uoa03264/fMRIpipeline_data/processed_long/work/fmriprep_22_0_wf/single_subject_rugby1_wf/func_preproc_ses_a_task_rest_run_001_wf/bold_bold_trans_wf/threshold/mapflow/_threshold97".
230315-23:57:01,174 nipype.workflow INFO:
	 [Node] Executing "_threshold94" <fmriprep.interfaces.maths.Clip>
230315-23:57:01,174 nipype.workflow INFO:
	 [Node] Executing "_threshold96" <fmriprep.interfaces.maths.Clip>
230315-23:57:01,175 nipype.workflow INFO:
	 [Node] Executing "_threshold93" <fmriprep.interfaces.maths.Clip>
230315-23:57:01,176 nipype.workflow INFO:
	 [Node] Executing "_threshold97" <fmriprep.interfaces.maths.Clip>
230315-23:57:01,197 nipype.workflow INFO:
	 [Node] Executing "_threshold95" <fmriprep.interfaces.maths.Clip>
230315-23:57:01,282 nipype.workflow INFO:
	 [Node] Finished "_threshold97", elapsed time 0.104295s.
230315-23:57:01,388 nipype.workflow INFO:
	 [Node] Finished "_threshold93", elapsed time 0.210985s.
230315-23:57:01,391 nipype.workflow INFO:
	 [Node] Finished "_threshold94", elapsed time 0.214898s.
230315-23:57:01,392 nipype.workflow INFO:
	 [Node] Finished "_threshold95", elapsed time 0.192598s.
230315-23:57:01,395 nipype.workflow INFO:
	 [Node] Finished "_threshold96", elapsed time 0.183842s.
230315-23:57:02,722 nipype.workflow INFO:
	 [Node] Setting-up "_threshold98" in "/nesi/nobackup/uoa03264/fMRIpipeline_data/processed_long/work/fmriprep_22_0_wf/single_subject_rugby1_wf/func_preproc_ses_a_task_rest_run_001_wf/bold_bold_trans_wf/threshold/mapflow/_threshold98".
230315-23:57:02,725 nipype.workflow INFO:
	 [Node] Executing "_threshold98" <fmriprep.interfaces.maths.Clip>
230315-23:57:02,830 nipype.workflow INFO:
	 [Node] Finished "_threshold98", elapsed time 0.095506s.
230315-23:57:03,175 nipype.workflow INFO:
	 [Node] Setting-up "_threshold99" in "/nesi/nobackup/uoa03264/fMRIpipeline_data/processed_long/work/fmriprep_22_0_wf/single_subject_rugby1_wf/func_preproc_ses_a_task_rest_run_001_wf/bold_bold_trans_wf/threshold/mapflow/_threshold99".
230315-23:57:03,180 nipype.workflow INFO:
	 [Node] Setting-up "_threshold100" in "/nesi/nobackup/uoa03264/fMRIpipeline_data/processed_long/work/fmriprep_22_0_wf/single_subject_rugby1_wf/func_preproc_ses_a_task_rest_run_001_wf/bold_bold_trans_wf/threshold/mapflow/_threshold100".
230315-23:57:03,182 nipype.workflow INFO:
	 [Node] Executing "_threshold99" <fmriprep.interfaces.maths.Clip>
230315-23:57:03,184 nipype.workflow INFO:
	 [Node] Executing "_threshold100" <fmriprep.interfaces.maths.Clip>
230315-23:57:03,187 nipype.workflow INFO:
	 [Node] Setting-up "_threshold103" in "/nesi/nobackup/uoa03264/fMRIpipeline_data/processed_long/work/fmriprep_22_0_wf/single_subject_rugby1_wf/func_preproc_ses_a_task_rest_run_001_wf/bold_bold_trans_wf/threshold/mapflow/_threshold103".
230315-23:57:03,187 nipype.workflow INFO:
	 [Node] Setting-up "_threshold104" in "/nesi/nobackup/uoa03264/fMRIpipeline_data/processed_long/work/fmriprep_22_0_wf/single_subject_rugby1_wf/func_preproc_ses_a_task_rest_run_001_wf/bold_bold_trans_wf/threshold/mapflow/_threshold104".
230315-23:57:03,186 nipype.workflow INFO:
	 [Node] Setting-up "_threshold101" in "/nesi/nobackup/uoa03264/fMRIpipeline_data/processed_long/work/fmriprep_22_0_wf/single_subject_rugby1_wf/func_preproc_ses_a_task_rest_run_001_wf/bold_bold_trans_wf/threshold/mapflow/_threshold101".
230315-23:57:03,186 nipype.workflow INFO:
	 [Node] Setting-up "_threshold102" in "/nesi/nobackup/uoa03264/fMRIpipeline_data/processed_long/work/fmriprep_22_0_wf/single_subject_rugby1_wf/func_preproc_ses_a_task_rest_run_001_wf/bold_bold_trans_wf/threshold/mapflow/_threshold102".
230315-23:57:03,194 nipype.workflow INFO:
	 [Node] Executing "_threshold103" <fmriprep.interfaces.maths.Clip>
230315-23:57:03,194 nipype.workflow INFO:
	 [Node] Executing "_threshold104" <fmriprep.interfaces.maths.Clip>
230315-23:57:03,206 nipype.workflow INFO:
	 [Node] Executing "_threshold101" <fmriprep.interfaces.maths.Clip>
230315-23:57:03,218 nipype.workflow INFO:
	 [Node] Executing "_threshold102" <fmriprep.interfaces.maths.Clip>
230315-23:57:03,271 nipype.workflow INFO:
	 [Node] Finished "_threshold99", elapsed time 0.086662s.
230315-23:57:03,277 nipype.workflow INFO:
	 [Node] Finished "_threshold100", elapsed time 0.088032s.
230315-23:57:03,294 nipype.workflow INFO:
	 [Node] Finished "_threshold104", elapsed time 0.097555s.
230315-23:57:03,319 nipype.workflow INFO:
	 [Node] Finished "bold_transform", elapsed time 41.212492s.
230315-23:57:03,322 nipype.workflow INFO:
	 [Node] Finished "_threshold101", elapsed time 0.112965s.
230315-23:57:03,371 nipype.workflow INFO:
	 [Node] Finished "_threshold103", elapsed time 0.174906s.
230315-23:57:03,376 nipype.workflow INFO:
	 [Node] Finished "_threshold102", elapsed time 0.155705s.
230315-23:57:05,83 nipype.workflow ERROR:
	 Node bold_transform failed to run on host wmc005.
230315-23:57:05,86 nipype.workflow ERROR:
	 Saving crash info to /nesi/nobackup/uoa03264/fMRIpipeline_data/processed_long/bids/derivatives/fmriprep/sub-rugby1/log/20230315-235531_2c8a1aa9-d713-449f-a532-7e9d731b3dc2/crash-20230315-235705-jmcg465-bold_transform-8d1ad6c9-bc3a-4bde-8893-498c555ca3fc.txt
Traceback (most recent call last):
  File "/opt/conda/lib/python3.9/shutil.py", line 823, in move
    os.rename(src, real_dst)
FileNotFoundError: [Errno 2] No such file or directory: '/nesi/nobackup/uoa03264/fMRIpipeline_data/processed_long/work/fmriprep_22_0_wf/single_subject_rugby1_wf/func_preproc_ses_b_task_rest_run_001_wf/bold_bold_trans_wf/bold_transform/_0x3352f603ec8883efc8655db616d0926d_unfinished.json' -> '/nesi/nobackup/uoa03264/fMRIpipeline_data/processed_long/work/fmriprep_22_0_wf/single_subject_rugby1_wf/func_preproc_ses_b_task_rest_run_001_wf/bold_bold_trans_wf/bold_transform/_0x3352f603ec8883efc8655db616d0926d.json'

During handling of the above exception, another exception occurred:

Traceback (most recent call last):
  File "/opt/conda/lib/python3.9/site-packages/nipype/pipeline/plugins/multiproc.py", line 67, in run_node
    result["result"] = node.run(updatehash=updatehash)
  File "/opt/conda/lib/python3.9/site-packages/nipype/pipeline/engine/nodes.py", line 542, in run
    shutil.move(hashfile_unfinished, hashfile_unfinished.replace("_unfinished", ""))
  File "/opt/conda/lib/python3.9/shutil.py", line 843, in move
    copy_function(src, real_dst)
  File "/opt/conda/lib/python3.9/shutil.py", line 444, in copy2
    copyfile(src, dst, follow_symlinks=follow_symlinks)
  File "/opt/conda/lib/python3.9/shutil.py", line 264, in copyfile
    with open(src, 'rb') as fsrc:
FileNotFoundError: [Errno 2] No such file or directory: '/nesi/nobackup/uoa03264/fMRIpipeline_data/processed_long/work/fmriprep_22_0_wf/single_subject_rugby1_wf/func_preproc_ses_b_task_rest_run_001_wf/bold_bold_trans_wf/bold_transform/_0x3352f603ec8883efc8655db616d0926d_unfinished.json'

230315-23:57:05,101 nipype.workflow CRITICAL:
	 fMRIPrep failed: Traceback (most recent call last):
  File "/opt/conda/lib/python3.9/shutil.py", line 823, in move
    os.rename(src, real_dst)
FileNotFoundError: [Errno 2] No such file or directory: '/nesi/nobackup/uoa03264/fMRIpipeline_data/processed_long/work/fmriprep_22_0_wf/single_subject_rugby1_wf/func_preproc_ses_b_task_rest_run_001_wf/bold_bold_trans_wf/bold_transform/_0x3352f603ec8883efc8655db616d0926d_unfinished.json' -> '/nesi/nobackup/uoa03264/fMRIpipeline_data/processed_long/work/fmriprep_22_0_wf/single_subject_rugby1_wf/func_preproc_ses_b_task_rest_run_001_wf/bold_bold_trans_wf/bold_transform/_0x3352f603ec8883efc8655db616d0926d.json'

During handling of the above exception, another exception occurred:

Traceback (most recent call last):
  File "/opt/conda/lib/python3.9/site-packages/nipype/pipeline/plugins/multiproc.py", line 67, in run_node
    result["result"] = node.run(updatehash=updatehash)
  File "/opt/conda/lib/python3.9/site-packages/nipype/pipeline/engine/nodes.py", line 542, in run
    shutil.move(hashfile_unfinished, hashfile_unfinished.replace("_unfinished", ""))
  File "/opt/conda/lib/python3.9/shutil.py", line 843, in move
    copy_function(src, real_dst)
  File "/opt/conda/lib/python3.9/shutil.py", line 444, in copy2
    copyfile(src, dst, follow_symlinks=follow_symlinks)
  File "/opt/conda/lib/python3.9/shutil.py", line 264, in copyfile
    with open(src, 'rb') as fsrc:
FileNotFoundError: [Errno 2] No such file or directory: '/nesi/nobackup/uoa03264/fMRIpipeline_data/processed_long/work/fmriprep_22_0_wf/single_subject_rugby1_wf/func_preproc_ses_b_task_rest_run_001_wf/bold_bold_trans_wf/bold_transform/_0x3352f603ec8883efc8655db616d0926d_unfinished.json'

230315-23:57:05,972 cli ERROR:
	 Preprocessing did not finish successfully. Errors occurred while processing data from participants: rugby1 (1). Check the HTML reports for details.
230315-23:57:05,972 cli ERROR:
	 Preprocessing did not finish successfully. Errors occurred while processing data from participants: rugby1 (1). Check the HTML reports for details.
230316-00:05:33,840 nipype.workflow INFO:
	 [Node] Finished "_n4_correct0", elapsed time 556.408303s.
230316-00:06:12,300 nipype.workflow INFO:
	 [Node] Finished "_n4_correct1", elapsed time 591.270742s.
[Thu Mar 16 13:06:12 2023]
Error in rule fmriprep:
    jobid: 0
    output: /nesi/nobackup/uoa03264/fMRIpipeline_data/processed_long/bids/derivatives/fmriprep/sub-rugby1
    shell:
        fmriprep /nesi/nobackup/uoa03264/fMRIpipeline_data/processed_long/bids /nesi/nobackup/uoa03264/fMRIpipeline_data/processed_long/bids/derivatives/fmriprep participant --participant-label rugby1 --skip-bids-validation --md-only-boilerplate --fs-license-file license.txt --fs-subjects-dir /nesi/nobackup/uoa03264/fMRIpipeline_data/processed_long/bids/derivatives/freesurfer --output-spaces MNI152NLin2009cAsym:res-2 --stop-on-first-crash --low-mem --mem-mb 25000 --nprocs 16 -w /nesi/nobackup/uoa03264/fMRIpipeline_data/processed_long/work
        (one of the commands exited with non-zero exit code; note that snakemake uses bash strict mode!)

Shutting down, this might take some time.
Exiting because a job execution failed. Look above for error message
